TN:
SF:apps/api/src/app.module.ts
FN:11,(anonymous_1)
FNF:1
FNH:0
FNDA:0,(anonymous_1)
DA:1,0
DA:2,0
DA:3,0
DA:4,0
DA:5,0
DA:11,0
DA:27,0
LF:7
LH:0
BRF:0
BRH:0
end_of_record
TN:
SF:apps/api/src/main.ts
FN:8,bootstrap
FN:14,(anonymous_10)
FNF:2
FNH:0
FNDA:0,bootstrap
FNDA:0,(anonymous_10)
DA:1,0
DA:2,0
DA:6,0
DA:9,0
DA:14,0
DA:15,0
DA:21,0
DA:24,0
LF:8
LH:0
BRF:0
BRH:0
end_of_record
TN:
SF:apps/api/src/auth/auth.controller.ts
FN:8,(anonymous_4)
FN:11,(anonymous_5)
FN:16,(anonymous_6)
FNF:3
FNH:0
FNDA:0,(anonymous_4)
FNDA:0,(anonymous_5)
FNDA:0,(anonymous_6)
DA:1,0
DA:2,0
DA:3,0
DA:4,0
DA:7,0
DA:8,0
DA:11,0
DA:12,0
DA:16,0
DA:17,0
LF:10
LH:0
BRF:0
BRH:0
end_of_record
TN:
SF:apps/api/src/auth/auth.module.ts
FN:16,(anonymous_1)
FNF:1
FNH:0
FNDA:0,(anonymous_1)
DA:1,0
DA:2,0
DA:3,0
DA:4,0
DA:5,0
DA:6,0
DA:7,0
DA:8,0
DA:9,0
DA:16,0
DA:27,0
LF:11
LH:0
BRF:0
BRH:0
end_of_record
TN:
SF:apps/api/src/auth/auth.service.ts
FN:14,(anonymous_13)
FN:20,(anonymous_14)
FN:39,(anonymous_15)
FN:53,(anonymous_16)
FNF:4
FNH:4
FNDA:5,(anonymous_13)
FNDA:2,(anonymous_14)
FNDA:3,(anonymous_15)
FNDA:2,(anonymous_16)
DA:1,1
DA:2,1
DA:3,1
DA:4,1
DA:5,1
DA:6,1
DA:7,1
DA:10,1
DA:13,1
DA:16,5
DA:17,5
DA:21,2
DA:23,2
DA:24,2
DA:25,1
DA:28,1
DA:29,1
DA:34,1
DA:36,1
DA:40,3
DA:42,3
DA:44,3
DA:46,3
DA:47,2
DA:50,1
DA:54,2
DA:59,2
LF:27
LH:27
BRDA:24,0,0,1
BRDA:24,0,1,1
BRDA:44,1,0,3
BRDA:44,1,1,2
BRDA:46,2,0,2
BRDA:46,2,1,1
BRF:6
BRH:6
end_of_record
TN:
SF:apps/api/src/auth/jwt.strategy.ts
FN:8,(anonymous_2)
FN:15,(anonymous_3)
FNF:2
FNH:0
FNDA:0,(anonymous_2)
FNDA:0,(anonymous_3)
DA:1,0
DA:2,0
DA:3,0
DA:4,0
DA:7,0
DA:9,0
DA:16,0
LF:7
LH:0
BRF:0
BRH:0
end_of_record
TN:
SF:apps/api/src/auth/dtos/login.dto.ts
FNF:0
FNH:0
DA:1,0
DA:3,0
DA:5,0
DA:8,0
LF:4
LH:0
BRF:0
BRH:0
end_of_record
TN:
SF:apps/api/src/auth/dtos/register.dto.ts
FNF:0
FNH:0
DA:1,0
DA:3,0
DA:5,0
DA:9,0
LF:4
LH:0
BRF:0
BRH:0
end_of_record
TN:
SF:apps/api/src/auth/entities/user.entity.ts
FN:15,(anonymous_2)
FN:15,(anonymous_3)
FNF:2
FNH:0
FNDA:0,(anonymous_2)
FNDA:0,(anonymous_3)
DA:1,2
DA:2,2
DA:5,2
DA:7,2
DA:10,2
DA:13,2
DA:15,0
DA:16,2
LF:8
LH:7
BRF:0
BRH:0
end_of_record
TN:
SF:apps/api/src/bookmarks/bookmarks.controller.ts
FN:13,(anonymous_4)
FN:16,(anonymous_5)
FN:21,(anonymous_6)
FN:26,(anonymous_7)
FN:31,(anonymous_8)
FN:40,(anonymous_9)
FNF:6
FNH:0
FNDA:0,(anonymous_4)
FNDA:0,(anonymous_5)
FNDA:0,(anonymous_6)
FNDA:0,(anonymous_7)
FNDA:0,(anonymous_8)
FNDA:0,(anonymous_9)
DA:1,0
DA:2,0
DA:3,0
DA:4,0
DA:5,0
DA:6,0
DA:7,0
DA:8,0
DA:12,0
DA:13,0
DA:16,0
DA:17,0
DA:21,0
DA:22,0
DA:26,0
DA:27,0
DA:31,0
DA:36,0
DA:40,0
DA:41,0
LF:20
LH:0
BRF:0
BRH:0
end_of_record
TN:
SF:apps/api/src/bookmarks/bookmarks.module.ts
FNF:0
FNH:0
DA:1,0
DA:2,0
DA:3,0
DA:4,0
DA:5,0
DA:12,0
LF:6
LH:0
BRF:0
BRH:0
end_of_record
TN:
SF:apps/api/src/bookmarks/bookmarks.service.ts
FN:10,(anonymous_4)
FN:15,(anonymous_5)
FN:22,(anonymous_6)
FN:34,(anonymous_7)
FN:45,(anonymous_8)
FN:63,(anonymous_9)
FNF:6
FNH:6
FNDA:5,(anonymous_4)
FNDA:1,(anonymous_5)
FNDA:1,(anonymous_6)
FNDA:1,(anonymous_7)
FNDA:1,(anonymous_8)
FNDA:1,(anonymous_9)
DA:1,1
DA:2,1
DA:3,1
DA:6,1
DA:9,1
DA:12,5
DA:16,1
DA:23,1
DA:27,1
DA:28,1
DA:31,0
DA:35,1
DA:42,1
DA:46,1
DA:48,1
DA:49,1
DA:52,1
DA:53,0
DA:56,1
DA:57,0
DA:60,1
DA:64,1
DA:65,1
LF:23
LH:20
BRDA:27,0,0,1
BRDA:27,0,1,0
BRDA:48,1,0,1
BRDA:48,1,1,0
BRDA:52,2,0,0
BRDA:52,2,1,1
BRDA:56,3,0,0
BRDA:56,3,1,1
BRF:8
BRH:4
end_of_record
TN:
SF:apps/api/src/bookmarks/dtos/create-bookmark.dto.ts
FNF:0
FNH:0
DA:1,0
DA:3,0
DA:5,0
DA:8,0
DA:11,0
LF:5
LH:0
BRF:0
BRH:0
end_of_record
TN:
SF:apps/api/src/bookmarks/dtos/update-bookmark.dto.ts
FNF:0
FNH:0
DA:1,0
DA:2,0
DA:4,0
LF:3
LH:0
BRF:0
BRH:0
end_of_record
TN:
SF:apps/api/src/bookmarks/entities/bookmarks.entity.ts
FN:27,(anonymous_2)
FN:27,(anonymous_3)
FNF:2
FNH:0
FNDA:0,(anonymous_2)
FNDA:0,(anonymous_3)
DA:1,2
DA:8,2
DA:11,2
DA:13,2
DA:16,2
DA:19,2
DA:22,2
DA:25,2
DA:27,0
DA:28,2
LF:10
LH:9
BRF:0
BRH:0
end_of_record
TN:
SF:apps/api/src/shared/decorators/current-user.decorator.ts
FN:4,(anonymous_0)
FNF:1
FNH:0
FNDA:0,(anonymous_0)
DA:1,0
DA:3,0
DA:5,0
DA:6,0
LF:4
LH:0
BRF:0
BRH:0
end_of_record
TN:
SF:apps/api/src/shared/guards/jwt-auth.guard.ts
FNF:0
FNH:0
DA:1,0
DA:3,0
LF:2
LH:0
BRF:0
BRH:0
end_of_record
